<?xml version="1.0" encoding="UTF-8"?>
<testsuite xmlns:xsi="http://www.w3.org/2001/XMLSchema-instance" xsi:noNamespaceSchemaLocation="https://maven.apache.org/surefire/maven-surefire-plugin/xsd/surefire-test-report.xsd" name="com.codec.RobotTest" time="0.23" tests="7" errors="0" skipped="0" failures="0">
  <properties>
[...]
</properties>
  <testcase name="shouldMoveForwardWhenInEast" classname="com.codec.RobotTest" time="0.029"/>
  <testcase name="shouldMoveForwardWhenInWest" classname="com.codec.RobotTest" time="0"/>
  <testcase name="shouldTurnRight" classname="com.codec.RobotTest" time="0"/>
  <testcase name="shouldTurnLeft" classname="com.codec.RobotTest" time="0"/>
  <testcase name="shouldMoveForwardWhenInNorth" classname="com.codec.RobotTest" time="0"/>
  <testcase name="shouldMoveForwardWhenInSouth" classname="com.codec.RobotTest" time="0"/>
  <testcase name="shouldNavigateAsExpected" classname="com.codec.RobotTest" time="0"/>
</testsuite>